  [1m[35m (2.0ms)[0m  [1m[34mSELECT sqlite_version(*)[0m
  [1m[35m (1.2ms)[0m  [1m[35mCREATE TABLE "schema_migrations" ("version" varchar NOT NULL PRIMARY KEY)[0m
  [1m[35m (1.2ms)[0m  [1m[35mCREATE TABLE "ar_internal_metadata" ("key" varchar NOT NULL PRIMARY KEY, "value" varchar, "created_at" datetime(6) NOT NULL, "updated_at" datetime(6) NOT NULL)[0m
  [1m[35m (0.1ms)[0m  [1m[34mSELECT "schema_migrations"."version" FROM "schema_migrations" ORDER BY "schema_migrations"."version" ASC[0m
Migrating to CreateUsers (20191203194311)
  [1m[35m (0.0ms)[0m  [1m[36mbegin transaction[0m
  [1m[35m (0.5ms)[0m  [1m[35mCREATE TABLE "users" ("id" integer PRIMARY KEY AUTOINCREMENT NOT NULL, "name" varchar, "bio" varchar, "created_at" datetime(6) NOT NULL, "updated_at" datetime(6) NOT NULL)[0m
  [1m[36mprimary::SchemaMigration Create (0.1ms)[0m  [1m[32mINSERT INTO "schema_migrations" ("version") VALUES (?)[0m  [["version", "20191203194311"]]
  [1m[35m (0.6ms)[0m  [1m[36mcommit transaction[0m
Migrating to CreateKegs (20191203194321)
  [1m[35m (0.0ms)[0m  [1m[36mbegin transaction[0m
  [1m[35m (0.4ms)[0m  [1m[35mCREATE TABLE "kegs" ("id" integer PRIMARY KEY AUTOINCREMENT NOT NULL, "name" varchar, "type" varchar, "created_at" datetime(6) NOT NULL, "updated_at" datetime(6) NOT NULL)[0m
  [1m[36mprimary::SchemaMigration Create (0.2ms)[0m  [1m[32mINSERT INTO "schema_migrations" ("version") VALUES (?)[0m  [["version", "20191203194321"]]
  [1m[35m (0.6ms)[0m  [1m[36mcommit transaction[0m
Migrating to CreateFloors (20191203194337)
  [1m[35m (0.0ms)[0m  [1m[36mbegin transaction[0m
  [1m[35m (0.5ms)[0m  [1m[35mCREATE TABLE "floors" ("id" integer PRIMARY KEY AUTOINCREMENT NOT NULL, "building" varchar, "floor_number" varchar, "created_at" datetime(6) NOT NULL, "updated_at" datetime(6) NOT NULL)[0m
  [1m[36mprimary::SchemaMigration Create (0.1ms)[0m  [1m[32mINSERT INTO "schema_migrations" ("version") VALUES (?)[0m  [["version", "20191203194337"]]
  [1m[35m (0.6ms)[0m  [1m[36mcommit transaction[0m
Migrating to CreateCups (20191203194443)
  [1m[35m (0.0ms)[0m  [1m[36mbegin transaction[0m
  [1m[35m (0.4ms)[0m  [1m[35mCREATE TABLE "cups" ("id" integer PRIMARY KEY AUTOINCREMENT NOT NULL, "rating" integer, "user_id" integer NOT NULL, "keg_id" integer NOT NULL, "created_at" datetime(6) NOT NULL, "updated_at" datetime(6) NOT NULL)[0m
  [1m[35m (0.1ms)[0m  [1m[35mCREATE  INDEX "index_cups_on_user_id" ON "cups" ("user_id")[0m
  [1m[35m (0.2ms)[0m  [1m[35mCREATE  INDEX "index_cups_on_keg_id" ON "cups" ("keg_id")[0m
  [1m[36mprimary::SchemaMigration Create (0.2ms)[0m  [1m[32mINSERT INTO "schema_migrations" ("version") VALUES (?)[0m  [["version", "20191203194443"]]
  [1m[35m (0.7ms)[0m  [1m[36mcommit transaction[0m
Migrating to CreateKegFloors (20191203194623)
  [1m[35m (0.0ms)[0m  [1m[36mbegin transaction[0m
  [1m[35m (0.3ms)[0m  [1m[35mCREATE TABLE "keg_floors" ("id" integer PRIMARY KEY AUTOINCREMENT NOT NULL, "date" date, "floor_id" integer NOT NULL, "keg_id" integer NOT NULL, "created_at" datetime(6) NOT NULL, "updated_at" datetime(6) NOT NULL)[0m
  [1m[35m (0.1ms)[0m  [1m[35mCREATE  INDEX "index_keg_floors_on_floor_id" ON "keg_floors" ("floor_id")[0m
  [1m[35m (0.2ms)[0m  [1m[35mCREATE  INDEX "index_keg_floors_on_keg_id" ON "keg_floors" ("keg_id")[0m
  [1m[36mprimary::SchemaMigration Create (0.1ms)[0m  [1m[32mINSERT INTO "schema_migrations" ("version") VALUES (?)[0m  [["version", "20191203194623"]]
  [1m[35m (1.0ms)[0m  [1m[36mcommit transaction[0m
  [1m[36mActiveRecord::InternalMetadata Load (0.2ms)[0m  [1m[34mSELECT "ar_internal_metadata".* FROM "ar_internal_metadata" WHERE "ar_internal_metadata"."key" = ? LIMIT ?[0m  [["key", "environment"], ["LIMIT", 1]]
  [1m[35m (0.0ms)[0m  [1m[36mbegin transaction[0m
  [1m[36mActiveRecord::InternalMetadata Create (0.3ms)[0m  [1m[32mINSERT INTO "ar_internal_metadata" ("key", "value", "created_at", "updated_at") VALUES (?, ?, ?, ?)[0m  [["key", "environment"], ["value", "development"], ["created_at", "2019-12-03 19:49:05.794032"], ["updated_at", "2019-12-03 19:49:05.794032"]]
  [1m[35m (0.7ms)[0m  [1m[36mcommit transaction[0m
  [1m[35m (0.1ms)[0m  [1m[34mSELECT sqlite_version(*)[0m
  [1m[35m (0.1ms)[0m  [1m[34mSELECT "schema_migrations"."version" FROM "schema_migrations" ORDER BY "schema_migrations"."version" ASC[0m
Started GET "/" for 127.0.0.1 at 2019-12-03 15:42:00 -0500
  [1m[35m (0.6ms)[0m  [1m[34mSELECT sqlite_version(*)[0m
  [1m[35m (0.6ms)[0m  [1m[34mSELECT "schema_migrations"."version" FROM "schema_migrations" ORDER BY "schema_migrations"."version" ASC[0m
Processing by Rails::WelcomeController#index as HTML
  Rendering /Users/fg/.rvm/gems/ruby-2.6.1/gems/railties-6.0.1/lib/rails/templates/rails/welcome/index.html.erb
  Rendered /Users/fg/.rvm/gems/ruby-2.6.1/gems/railties-6.0.1/lib/rails/templates/rails/welcome/index.html.erb (Duration: 6.9ms | Allocations: 482)
Completed 200 OK in 20ms (Views: 13.0ms | ActiveRecord: 0.0ms | Allocations: 2812)


Started GET "/users" for 127.0.0.1 at 2019-12-03 15:42:02 -0500
Processing by UsersController#index as HTML
  Rendering users/index.erb within layouts/application
  [1m[36mUser Load (0.2ms)[0m  [1m[34mSELECT "users".* FROM "users"[0m
  ↳ app/views/users/index.erb:3
  Rendered users/index.erb within layouts/application (Duration: 2.4ms | Allocations: 1098)
[Webpacker] Compiling...
[Webpacker] Compiled all packs in /Users/fg/Development/mod2/week3/kegerator/public/packs
[Webpacker] Hash: 53154d7baad00c6a1252
Version: webpack 4.41.2
Time: 1433ms
Built at: 12/03/2019 3:42:05 PM
                                     Asset       Size       Chunks                         Chunk Names
    js/application-0b67a3cc2fcde6055024.js    124 KiB  application  [emitted] [immutable]  application
js/application-0b67a3cc2fcde6055024.js.map    139 KiB  application  [emitted] [dev]        application
                             manifest.json  364 bytes               [emitted]              
Entrypoint application = js/application-0b67a3cc2fcde6055024.js js/application-0b67a3cc2fcde6055024.js.map
[./app/javascript/channels sync recursive _channel\.js$] ./app/javascript/channels sync _channel\.js$ 160 bytes {application} [built]
[./app/javascript/channels/index.js] 211 bytes {application} [built]
[./app/javascript/packs/application.js] 749 bytes {application} [built]
[./node_modules/webpack/buildin/module.js] (webpack)/buildin/module.js 552 bytes {application} [built]
    + 3 hidden modules

Completed 200 OK in 3085ms (Views: 3070.8ms | ActiveRecord: 0.4ms | Allocations: 35550)


Started GET "/users" for 127.0.0.1 at 2019-12-03 15:49:15 -0500
  [1m[35m (0.1ms)[0m  [1m[34mSELECT sqlite_version(*)[0m
Processing by UsersController#index as HTML
  Rendering users/index.erb within layouts/application
  [1m[36mUser Load (0.1ms)[0m  [1m[34mSELECT "users".* FROM "users"[0m
  ↳ app/views/users/index.erb:3
  Rendered users/index.erb within layouts/application (Duration: 1.2ms | Allocations: 995)
[Webpacker] Everything's up-to-date. Nothing to do
Completed 200 OK in 9ms (Views: 6.5ms | ActiveRecord: 0.1ms | Allocations: 7301)


Started GET "/users" for 127.0.0.1 at 2019-12-03 15:49:25 -0500
Processing by UsersController#index as HTML
  Rendering users/index.erb within layouts/application
  [1m[36mUser Load (0.1ms)[0m  [1m[34mSELECT "users".* FROM "users"[0m
  ↳ app/views/users/index.erb:3
  Rendered users/index.erb within layouts/application (Duration: 1.5ms | Allocations: 815)
[Webpacker] Everything's up-to-date. Nothing to do
Completed 200 OK in 9ms (Views: 8.2ms | ActiveRecord: 0.1ms | Allocations: 5851)


Started GET "/users/new" for 127.0.0.1 at 2019-12-03 15:49:27 -0500
Processing by UsersController#new as HTML
  Rendering users/new.erb within layouts/application
  Rendered users/new.erb within layouts/application (Duration: 4.8ms | Allocations: 1076)
[Webpacker] Everything's up-to-date. Nothing to do
Completed 200 OK in 15ms (Views: 10.3ms | ActiveRecord: 0.4ms | Allocations: 8379)


Started GET "/users/new" for 127.0.0.1 at 2019-12-03 15:49:46 -0500
Processing by UsersController#new as HTML
  Rendering users/new.erb within layouts/application
  Rendered users/new.erb within layouts/application (Duration: 1.0ms | Allocations: 479)
[Webpacker] Everything's up-to-date. Nothing to do
Completed 200 OK in 10ms (Views: 9.2ms | ActiveRecord: 0.0ms | Allocations: 5509)


Started GET "/users/new" for 127.0.0.1 at 2019-12-03 15:52:20 -0500
Processing by UsersController#new as HTML
  Rendering users/new.erb within layouts/application
  Rendered users/new.erb within layouts/application (Duration: 18.8ms | Allocations: 6764)
[Webpacker] Everything's up-to-date. Nothing to do
Completed 200 OK in 26ms (Views: 25.0ms | ActiveRecord: 0.0ms | Allocations: 11701)


Started POST "/users" for 127.0.0.1 at 2019-12-03 15:59:45 -0500
  [1m[35m (0.0ms)[0m  [1m[34mSELECT sqlite_version(*)[0m
Processing by UsersController#create as JS
  Parameters: {"authenticity_token"=>"alwmQ7qbsuOJFdYqRuhMJZA9Vv+OeBbSExHyO24lQTPusa2sgZErSYO5poPZqmgLs9aOeEH7GGlkTy+nKAuxqA==", "user"=>{"name"=>"fg", "bio"=>"420"}, "commit"=>"Create User"}
  [1m[35m (0.1ms)[0m  [1m[36mbegin transaction[0m
  ↳ app/controllers/users_controller.rb:12:in `create'
  [1m[36mUser Create (0.4ms)[0m  [1m[32mINSERT INTO "users" ("name", "bio", "created_at", "updated_at") VALUES (?, ?, ?, ?)[0m  [["name", "fg"], ["bio", "420"], ["created_at", "2019-12-03 20:59:45.464106"], ["updated_at", "2019-12-03 20:59:45.464106"]]
  ↳ app/controllers/users_controller.rb:12:in `create'
  [1m[35m (0.5ms)[0m  [1m[36mcommit transaction[0m
  ↳ app/controllers/users_controller.rb:12:in `create'
Redirected to http://localhost:3000/users/1
Completed 200 OK in 9ms (ActiveRecord: 1.0ms | Allocations: 7192)


Started GET "/users/1" for 127.0.0.1 at 2019-12-03 15:59:45 -0500
Processing by UsersController#show as HTML
  Parameters: {"id"=>"1"}
  [1m[36mUser Load (0.1ms)[0m  [1m[34mSELECT "users".* FROM "users" WHERE "users"."id" = ? LIMIT ?[0m  [["id", 1], ["LIMIT", 1]]
  ↳ app/controllers/users_controller.rb:17:in `show'
  Rendering users/show.erb within layouts/application
  Rendered users/show.erb within layouts/application (Duration: 224.0ms | Allocations: 149005)
Completed 500 Internal Server Error in 228ms (ActiveRecord: 0.1ms | Allocations: 151364)


  
ActionView::Template::Error (undefined local variable or method `user' for #<#<Class:0x00007fe506d9d170>:0x00007fe506da7800>
Did you mean?  @user):
    1: <h1><%= @user.name %></h1>
    2: <h3><%= @user.bio %></h3>
    3: 
    4: <% user.cups.each do |cup| %>
    5:   <%= cup.keg.name %><br>
    6:   <%= cup.rating %>
    7: 
  
app/views/users/show.erb:4
